{"Level":"info","Time":"2019-11-20T20:13:36.764+0800","Caller":"go_search_online/main.go:19","Msg":"Starting server...","service":"go_search_online"}
{"Level":"warn","Time":"2019-11-20T20:13:36.765+0800","Caller":"go_search_online/main.go:20","Msg":"Warning, something wrong...","service":"go_search_online"}
{"Level":"error","Time":"2019-11-20T20:13:36.765+0800","Caller":"go_search_online/main.go:21","Msg":"Error in something...","service":"go_search_online"}
{"Level":"info","Time":"2019-11-20T20:14:47.951+0800","Caller":"go_search_online/main.go:19","Msg":"Starting server...","service":"go_search_online"}
{"Level":"warn","Time":"2019-11-20T20:14:47.951+0800","Caller":"go_search_online/main.go:20","Msg":"Warning, something wrong...","service":"go_search_online"}
{"Level":"error","Time":"2019-11-20T20:14:47.951+0800","Caller":"go_search_online/main.go:21","Msg":"Error in something...","service":"go_search_online"}
{"Level":"info","Time":"2019-11-20T20:15:26.308+0800","Caller":"go_search_online/main.go:19","Msg":"Starting server...","service":"go_search_online"}
{"Level":"warn","Time":"2019-11-20T20:15:26.308+0800","Caller":"go_search_online/main.go:20","Msg":"Warning, something wrong...","service":"go_search_online"}
{"Level":"error","Time":"2019-11-20T20:15:26.308+0800","Caller":"go_search_online/main.go:21","Msg":"Error in something...","service":"go_search_online"}
{"Level":"panic","Time":"2019-11-20T20:15:26.308+0800","Caller":"go_search_online/main.go:22","Msg":"Panic in somewhere...","service":"go_search_online"}
{"Level":"info","Time":"2019-11-20T20:22:21.085+0800","Caller":"go_search_online/main.go:19","Msg":"Starting server...","service":"go_search_online"}
{"Level":"info","Time":"2019-11-20T20:26:42.509+0800","Caller":"go_search_online/main.go:19","Msg":"Starting server...","service":"go_search_online"}
{"Level":"fatal","Time":"2019-11-20T20:51:25.764+0800","Caller":"elasticsearch_module/elasticsearch_client.go:29","Msg":"Failed to connect to elasticsearch cluster health check timeout: no Elasticsearch node available","service":"go_search_online"}
{"Level":"fatal","Time":"2019-11-20T20:52:17.770+0800","Caller":"elasticsearch_module/elasticsearch_client.go:29","Msg":"Failed to connect to elasticsearch cluster health check timeout: no Elasticsearch node available","service":"go_search_online"}
{"Level":"info","Time":"2019-11-20T20:52:40.364+0800","Caller":"go_search_online/main.go:19","Msg":"Starting server...","service":"go_search_online"}
{"Level":"info","Time":"2019-11-20T20:54:37.608+0800","Caller":"go_search_online/main.go:19","Msg":"Starting server...","service":"go_search_online"}
{"Level":"info","Time":"2019-11-21T11:10:02.429+0800","Caller":"go_search_online/main.go:19","Msg":"Starting server...","service":"go_search_online"}
{"Level":"info","Time":"2019-11-21T13:55:13.419+0800","Caller":"go_search_online/main.go:19","Msg":"Starting server...","service":"go_search_online"}
{"Level":"warn","Time":"2019-11-21T13:55:15.611+0800","Caller":"parameter_logics/parameter.go:15","Msg":"Missing parameter.","service":"go_search_online"}
{"Level":"info","Time":"2019-11-21T13:56:04.290+0800","Caller":"go_search_online/main.go:19","Msg":"Starting server...","service":"go_search_online"}
{"Level":"warn","Time":"2019-11-21T13:56:05.301+0800","Caller":"parameter_logics/parameter.go:15","Msg":"Missing parameter Key: 'Params.AppName' Error:Field validation for 'AppName' failed on the 'required' tag","service":"go_search_online"}
{"Level":"warn","Time":"2019-11-21T13:58:24.899+0800","Caller":"parameter_logics/parameter.go:15","Msg":"Missing parameter Key: 'Params.AppName' Error:Field validation for 'AppName' failed on the 'required' tag","service":"go_search_online"}
{"Level":"warn","Time":"2019-11-21T13:58:33.560+0800","Caller":"parameter_logics/parameter.go:15","Msg":"Missing parameter Key: 'Params.AppName' Error:Field validation for 'AppName' failed on the 'required' tag","service":"go_search_online"}
{"Level":"warn","Time":"2019-11-21T13:58:42.095+0800","Caller":"parameter_logics/parameter.go:15","Msg":"Missing parameter Key: 'Params.AppName' Error:Field validation for 'AppName' failed on the 'required' tag","service":"go_search_online"}
{"Level":"info","Time":"2019-11-21T14:10:27.134+0800","Caller":"go_search_online/main.go:19","Msg":"Starting server...","service":"go_search_online"}
{"Level":"warn","Time":"2019-11-21T14:10:27.531+0800","Caller":"parameter_logics/parameter.go:29","Msg":"Missing parameter Key: 'Params.AppId' Error:Field validation for 'AppId' failed on the 'required' tag\nKey: 'Params.Time' Error:Field validation for 'Time' failed on the 'required' tag\nKey: 'Params.Sign' Error:Field validation for 'Sign' failed on the 'required' tag\nKey: 'Params.Query' Error:Field validation for 'Query' failed on the 'required' tag","service":"go_search_online"}
{"Level":"warn","Time":"2019-11-21T14:10:28.296+0800","Caller":"parameter_logics/parameter.go:29","Msg":"Missing parameter Key: 'Params.Query' Error:Field validation for 'Query' failed on the 'required' tag\nKey: 'Params.Time' Error:Field validation for 'Time' failed on the 'required' tag\nKey: 'Params.AppId' Error:Field validation for 'AppId' failed on the 'required' tag\nKey: 'Params.Sign' Error:Field validation for 'Sign' failed on the 'required' tag","service":"go_search_online"}
{"Level":"warn","Time":"2019-11-21T14:10:28.740+0800","Caller":"parameter_logics/parameter.go:29","Msg":"Missing parameter Key: 'Params.Sign' Error:Field validation for 'Sign' failed on the 'required' tag\nKey: 'Params.Query' Error:Field validation for 'Query' failed on the 'required' tag\nKey: 'Params.AppId' Error:Field validation for 'AppId' failed on the 'required' tag\nKey: 'Params.Time' Error:Field validation for 'Time' failed on the 'required' tag","service":"go_search_online"}
{"Level":"info","Time":"2019-11-26T10:52:59.310+0800","Caller":"go_search_online/main.go:19","Msg":"Starting server...","service":"go_search_online"}
